<?xml version="1.0" encoding="UTF-8"?>
<testsuite xmlns:xsi="http://www.w3.org/2001/XMLSchema-instance" xsi:noNamespaceSchemaLocation="https://maven.apache.org/surefire/maven-surefire-plugin/xsd/surefire-test-report-3.0.xsd" version="3.0" name="com.example.AppTest" time="0.014" tests="1" errors="0" skipped="0" failures="0">
  <properties>
    <property name="java.specification.version" value="22"/>
    <property name="sun.cpu.isalist" value="amd64"/>
    <property name="sun.jnu.encoding" value="Cp1252"/>
    <property name="java.class.path" value="C:\Users\glory hole\Documents\WeatherForecastAppEJB\WeatherForecastClient\target\test-classes;C:\Users\glory hole\Documents\WeatherForecastAppEJB\WeatherForecastClient\target\classes;C:\Users\glory hole\.m2\repository\junit\junit\3.8.1\junit-3.8.1.jar;C:\Users\glory hole\.m2\repository\com\example\PrecipitationSensorEJB\1.0-SNAPSHOT\PrecipitationSensorEJB-1.0-SNAPSHOT.jar;C:\Users\glory hole\.m2\repository\org\wildfly\wildfly-naming-client\2.0.0.Final\wildfly-naming-client-2.0.0.Final.jar;C:\Users\glory hole\.m2\repository\org\jboss\logging\jboss-logging\3.4.3.Final\jboss-logging-3.4.3.Final.jar;C:\Users\glory hole\.m2\repository\org\jboss\marshalling\jboss-marshalling\2.1.1.Final\jboss-marshalling-2.1.1.Final.jar;C:\Users\glory hole\.m2\repository\org\jboss\marshalling\jboss-marshalling-river\2.1.1.Final\jboss-marshalling-river-2.1.1.Final.jar;C:\Users\glory hole\.m2\repository\org\jboss\remoting\jboss-remoting\5.0.25.Final\jboss-remoting-5.0.25.Final.jar;C:\Users\glory hole\.m2\repository\org\wildfly\security\wildfly-elytron\1.11.2.Final\wildfly-elytron-1.11.2.Final.jar;C:\Users\glory hole\.m2\repository\org\wildfly\security\wildfly-elytron-audit\1.11.2.Final\wildfly-elytron-audit-1.11.2.Final.jar;C:\Users\glory hole\.m2\repository\org\wildfly\security\wildfly-elytron-auth-server-deprecated\1.11.2.Final\wildfly-elytron-auth-server-deprecated-1.11.2.Final.jar;C:\Users\glory hole\.m2\repository\org\wildfly\security\wildfly-elytron-auth-server-http\1.11.2.Final\wildfly-elytron-auth-server-http-1.11.2.Final.jar;C:\Users\glory hole\.m2\repository\org\wildfly\security\wildfly-elytron-auth-server-sasl\1.11.2.Final\wildfly-elytron-auth-server-sasl-1.11.2.Final.jar;C:\Users\glory hole\.m2\repository\org\wildfly\security\wildfly-elytron-credential-source-deprecated\1.11.2.Final\wildfly-elytron-credential-source-deprecated-1.11.2.Final.jar;C:\Users\glory hole\.m2\repository\org\wildfly\security\wildfly-elytron-digest\1.11.2.Final\wildfly-elytron-digest-1.11.2.Final.jar;C:\Users\glory hole\.m2\repository\org\wildfly\security\wildfly-elytron-http\1.11.2.Final\wildfly-elytron-http-1.11.2.Final.jar;C:\Users\glory hole\.m2\repository\org\wildfly\security\wildfly-elytron-http-basic\1.11.2.Final\wildfly-elytron-http-basic-1.11.2.Final.jar;C:\Users\glory hole\.m2\repository\org\wildfly\security\wildfly-elytron-http-bearer\1.11.2.Final\wildfly-elytron-http-bearer-1.11.2.Final.jar;C:\Users\glory hole\.m2\repository\org\wildfly\security\wildfly-elytron-http-cert\1.11.2.Final\wildfly-elytron-http-cert-1.11.2.Final.jar;C:\Users\glory hole\.m2\repository\org\wildfly\security\wildfly-elytron-http-deprecated\1.11.2.Final\wildfly-elytron-http-deprecated-1.11.2.Final.jar;C:\Users\glory hole\.m2\repository\org\wildfly\security\wildfly-elytron-http-digest\1.11.2.Final\wildfly-elytron-http-digest-1.11.2.Final.jar;C:\Users\glory hole\.m2\repository\org\wildfly\security\wildfly-elytron-http-form\1.11.2.Final\wildfly-elytron-http-form-1.11.2.Final.jar;C:\Users\glory hole\.m2\repository\org\wildfly\security\wildfly-elytron-http-spnego\1.11.2.Final\wildfly-elytron-http-spnego-1.11.2.Final.jar;C:\Users\glory hole\.m2\repository\org\wildfly\security\wildfly-elytron-http-sso\1.11.2.Final\wildfly-elytron-http-sso-1.11.2.Final.jar;C:\Users\glory hole\.m2\repository\org\wildfly\security\wildfly-elytron-http-util\1.11.2.Final\wildfly-elytron-http-util-1.11.2.Final.jar;C:\Users\glory hole\.m2\repository\org\wildfly\security\wildfly-elytron-jacc\1.11.2.Final\wildfly-elytron-jacc-1.11.2.Final.jar;C:\Users\glory hole\.m2\repository\org\wildfly\security\wildfly-elytron-jaspi\1.11.2.Final\wildfly-elytron-jaspi-1.11.2.Final.jar;C:\Users\glory hole\.m2\repository\org\wildfly\security\wildfly-elytron-json-util\1.11.2.Final\wildfly-elytron-json-util-1.11.2.Final.jar;C:\Users\glory hole\.m2\repository\org\wildfly\security\wildfly-elytron-jwt\1.11.2.Final\wildfly-elytron-jwt-1.11.2.Final.jar;C:\Users\glory hole\.m2\repository\org\wildfly\security\wildfly-elytron-mechanism-digest\1.11.2.Final\wildfly-elytron-mechanism-digest-1.11.2.Final.jar;C:\Users\glory hole\.m2\repository\org\wildfly\security\wildfly-elytron-mechanism-gssapi\1.11.2.Final\wildfly-elytron-mechanism-gssapi-1.11.2.Final.jar;C:\Users\glory hole\.m2\repository\org\wildfly\security\wildfly-elytron-mechanism-http\1.11.2.Final\wildfly-elytron-mechanism-http-1.11.2.Final.jar;C:\Users\glory hole\.m2\repository\org\wildfly\security\wildfly-elytron-mechanism-oauth2\1.11.2.Final\wildfly-elytron-mechanism-oauth2-1.11.2.Final.jar;C:\Users\glory hole\.m2\repository\org\wildfly\security\wildfly-elytron-mechanism-scram\1.11.2.Final\wildfly-elytron-mechanism-scram-1.11.2.Final.jar;C:\Users\glory hole\.m2\repository\org\wildfly\security\wildfly-elytron-realm-jdbc\1.11.2.Final\wildfly-elytron-realm-jdbc-1.11.2.Final.jar;C:\Users\glory hole\.m2\repository\org\wildfly\security\wildfly-elytron-realm-ldap\1.11.2.Final\wildfly-elytron-realm-ldap-1.11.2.Final.jar;C:\Users\glory hole\.m2\repository\org\wildfly\security\wildfly-elytron-realm-token\1.11.2.Final\wildfly-elytron-realm-token-1.11.2.Final.jar;C:\Users\glory hole\.m2\repository\org\wildfly\security\wildfly-elytron-sasl-deprecated\1.11.2.Final\wildfly-elytron-sasl-deprecated-1.11.2.Final.jar;C:\Users\glory hole\.m2\repository\org\wildfly\security\wildfly-elytron-sasl-digest\1.11.2.Final\wildfly-elytron-sasl-digest-1.11.2.Final.jar;C:\Users\glory hole\.m2\repository\org\wildfly\security\wildfly-elytron-sasl-entity\1.11.2.Final\wildfly-elytron-sasl-entity-1.11.2.Final.jar;C:\Users\glory hole\.m2\repository\org\wildfly\security\wildfly-elytron-sasl-external\1.11.2.Final\wildfly-elytron-sasl-external-1.11.2.Final.jar;C:\Users\glory hole\.m2\repository\org\wildfly\security\wildfly-elytron-sasl-gs2\1.11.2.Final\wildfly-elytron-sasl-gs2-1.11.2.Final.jar;C:\Users\glory hole\.m2\repository\org\wildfly\security\wildfly-elytron-sasl-gssapi\1.11.2.Final\wildfly-elytron-sasl-gssapi-1.11.2.Final.jar;C:\Users\glory hole\.m2\repository\org\wildfly\security\wildfly-elytron-sasl-oauth2\1.11.2.Final\wildfly-elytron-sasl-oauth2-1.11.2.Final.jar;C:\Users\glory hole\.m2\repository\org\wildfly\security\wildfly-elytron-sasl-otp\1.11.2.Final\wildfly-elytron-sasl-otp-1.11.2.Final.jar;C:\Users\glory hole\.m2\repository\org\wildfly\security\wildfly-elytron-sasl-plain\1.11.2.Final\wildfly-elytron-sasl-plain-1.11.2.Final.jar;C:\Users\glory hole\.m2\repository\org\wildfly\security\wildfly-elytron-sasl-scram\1.11.2.Final\wildfly-elytron-sasl-scram-1.11.2.Final.jar;C:\Users\glory hole\.m2\repository\org\wildfly\security\wildfly-elytron-ssl\1.11.2.Final\wildfly-elytron-ssl-1.11.2.Final.jar;C:\Users\glory hole\.m2\repository\org\wildfly\security\wildfly-elytron-x500-cert-util\1.11.2.Final\wildfly-elytron-x500-cert-util-1.11.2.Final.jar;C:\Users\glory hole\.m2\repository\org\wildfly\security\wildfly-elytron-x500-deprecated\1.11.2.Final\wildfly-elytron-x500-deprecated-1.11.2.Final.jar;C:\Users\glory hole\.m2\repository\org\wildfly\security\wildfly-elytron-x500-principal\1.11.2.Final\wildfly-elytron-x500-principal-1.11.2.Final.jar;C:\Users\glory hole\.m2\repository\org\jboss\xnio\xnio-api\3.8.8.Final\xnio-api-3.8.8.Final.jar;C:\Users\glory hole\.m2\repository\org\jboss\xnio\xnio-nio\3.8.8.Final\xnio-nio-3.8.8.Final.jar;C:\Users\glory hole\.m2\repository\org\jboss\threads\jboss-threads\2.4.0.Final\jboss-threads-2.4.0.Final.jar;C:\Users\glory hole\.m2\repository\org\wildfly\client\wildfly-client-config\1.0.1.Final\wildfly-client-config-1.0.1.Final.jar;C:\Users\glory hole\.m2\repository\org\wildfly\common\wildfly-common\1.6.0.Final\wildfly-common-1.6.0.Final.jar;C:\Users\glory hole\.m2\repository\org\wildfly\security\wildfly-elytron-auth\2.0.0.Final\wildfly-elytron-auth-2.0.0.Final.jar;C:\Users\glory hole\.m2\repository\org\wildfly\security\wildfly-elytron-auth-server\2.0.0.Final\wildfly-elytron-auth-server-2.0.0.Final.jar;C:\Users\glory hole\.m2\repository\org\wildfly\security\wildfly-elytron-base\2.0.0.Final\wildfly-elytron-base-2.0.0.Final.jar;C:\Users\glory hole\.m2\repository\org\wildfly\security\wildfly-elytron-x500\2.0.0.Final\wildfly-elytron-x500-2.0.0.Final.jar;C:\Users\glory hole\.m2\repository\org\wildfly\security\wildfly-elytron-client\2.0.0.Final\wildfly-elytron-client-2.0.0.Final.jar;C:\Users\glory hole\.m2\repository\org\wildfly\security\wildfly-elytron-auth-util\2.0.0.Final\wildfly-elytron-auth-util-2.0.0.Final.jar;C:\Users\glory hole\.m2\repository\org\apache\sshd\sshd-common\2.7.0\sshd-common-2.7.0.jar;C:\Users\glory hole\.m2\repository\org\slf4j\slf4j-api\1.7.30\slf4j-api-1.7.30.jar;C:\Users\glory hole\.m2\repository\org\slf4j\jcl-over-slf4j\1.7.30\jcl-over-slf4j-1.7.30.jar;C:\Users\glory hole\.m2\repository\org\wildfly\security\wildfly-elytron-credential-source-impl\2.0.0.Final\wildfly-elytron-credential-source-impl-2.0.0.Final.jar;C:\Users\glory hole\.m2\repository\org\wildfly\security\wildfly-elytron-credential-store\2.0.0.Final\wildfly-elytron-credential-store-2.0.0.Final.jar;C:\Users\glory hole\.m2\repository\org\wildfly\security\wildfly-elytron-keystore\2.0.0.Final\wildfly-elytron-keystore-2.0.0.Final.jar;C:\Users\glory hole\.m2\repository\org\wildfly\security\wildfly-elytron-mechanism\2.0.0.Final\wildfly-elytron-mechanism-2.0.0.Final.jar;C:\Users\glory hole\.m2\repository\org\wildfly\security\wildfly-elytron-password-impl\2.0.0.Final\wildfly-elytron-password-impl-2.0.0.Final.jar;C:\Users\glory hole\.m2\repository\org\wildfly\security\wildfly-elytron-provider-util\2.0.0.Final\wildfly-elytron-provider-util-2.0.0.Final.jar;C:\Users\glory hole\.m2\repository\org\wildfly\security\wildfly-elytron-sasl\2.0.0.Final\wildfly-elytron-sasl-2.0.0.Final.jar;C:\Users\glory hole\.m2\repository\org\wildfly\security\wildfly-elytron-x500-cert\2.0.0.Final\wildfly-elytron-x500-cert-2.0.0.Final.jar;C:\Users\glory hole\.m2\repository\org\wildfly\security\wildfly-elytron-credential\2.0.0.Final\wildfly-elytron-credential-2.0.0.Final.jar;C:\Users\glory hole\.m2\repository\org\wildfly\security\wildfly-elytron-asn1\2.0.0.Final\wildfly-elytron-asn1-2.0.0.Final.jar;C:\Users\glory hole\.m2\repository\org\wildfly\security\wildfly-elytron-security-manager-action\2.0.0.Final\wildfly-elytron-security-manager-action-2.0.0.Final.jar;C:\Users\glory hole\.m2\repository\org\wildfly\security\wildfly-elytron-security-manager\2.0.0.Final\wildfly-elytron-security-manager-2.0.0.Final.jar;C:\Users\glory hole\.m2\repository\org\wildfly\security\wildfly-elytron-permission\2.0.0.Final\wildfly-elytron-permission-2.0.0.Final.jar;C:\Users\glory hole\.m2\repository\org\wildfly\security\wildfly-elytron-realm\2.0.0.Final\wildfly-elytron-realm-2.0.0.Final.jar;C:\Users\glory hole\.m2\repository\org\wildfly\security\wildfly-elytron-encryption\2.0.0.Final\wildfly-elytron-encryption-2.0.0.Final.jar;C:\Users\glory hole\.m2\repository\org\wildfly\security\wildfly-elytron-sasl-anonymous\2.0.0.Final\wildfly-elytron-sasl-anonymous-2.0.0.Final.jar;C:\Users\glory hole\.m2\repository\org\wildfly\security\wildfly-elytron-sasl-localuser\2.0.0.Final\wildfly-elytron-sasl-localuser-2.0.0.Final.jar;C:\Users\glory hole\.m2\repository\org\wildfly\security\wildfly-elytron-sasl-auth-util\2.0.0.Final\wildfly-elytron-sasl-auth-util-2.0.0.Final.jar;C:\Users\glory hole\.m2\repository\org\wildfly\security\wildfly-elytron-util\2.0.0.Final\wildfly-elytron-util-2.0.0.Final.jar;C:\Users\glory hole\.m2\repository\org\wildfly\wildfly-security\32.0.0.Final\wildfly-security-32.0.0.Final.jar;C:\Users\glory hole\.m2\repository\org\jboss\jboss-dmr\1.7.0.Final\jboss-dmr-1.7.0.Final.jar;C:\Users\glory hole\.m2\repository\org\jboss\staxmapper\1.5.0.Final\staxmapper-1.5.0.Final.jar;C:\Users\glory hole\.m2\repository\org\jboss\msc\jboss-msc\1.5.4.Final\jboss-msc-1.5.4.Final.jar;C:\Users\glory hole\.m2\repository\org\wildfly\core\wildfly-controller\24.0.0.Final\wildfly-controller-24.0.0.Final.jar;C:\Users\glory hole\.m2\repository\org\wildfly\core\wildfly-controller-client\24.0.0.Final\wildfly-controller-client-24.0.0.Final.jar;C:\Users\glory hole\.m2\repository\org\wildfly\core\wildfly-protocol\24.0.0.Final\wildfly-protocol-24.0.0.Final.jar;C:\Users\glory hole\.m2\repository\org\wildfly\core\wildfly-core-security\24.0.0.Final\wildfly-core-security-24.0.0.Final.jar;C:\Users\glory hole\.m2\repository\org\wildfly\security\wildfly-elytron-x500-cert-acme\2.4.1.Final\wildfly-elytron-x500-cert-acme-2.4.1.Final.jar;C:\Users\glory hole\.m2\repository\org\wildfly\core\wildfly-service\24.0.0.Final\wildfly-service-24.0.0.Final.jar;C:\Users\glory hole\.m2\repository\org\wildfly\core\wildfly-version\24.0.0.Final\wildfly-version-24.0.0.Final.jar;C:\Users\glory hole\.m2\repository\org\jboss\modules\jboss-modules\2.1.5.Final\jboss-modules-2.1.5.Final.jar;C:\Users\glory hole\.m2\repository\org\jboss\logmanager\jboss-logmanager\2.1.19.Final\jboss-logmanager-2.1.19.Final.jar;C:\Users\glory hole\.m2\repository\org\projectodd\vdx\vdx-wildfly\1.1.6\vdx-wildfly-1.1.6.jar;C:\Users\glory hole\.m2\repository\org\projectodd\vdx\vdx-core\1.1.6\vdx-core-1.1.6.jar;C:\Users\glory hole\.m2\repository\org\eclipse\jgit\org.eclipse.jgit\6.8.0.202311291450-r\org.eclipse.jgit-6.8.0.202311291450-r.jar;C:\Users\glory hole\.m2\repository\com\googlecode\javaewah\JavaEWAH\1.2.3\JavaEWAH-1.2.3.jar;C:\Users\glory hole\.m2\repository\org\yaml\snakeyaml\2.2\snakeyaml-2.2.jar;"/>
    <property name="java.vm.vendor" value="Oracle Corporation"/>
    <property name="sun.arch.data.model" value="64"/>
    <property name="user.variant" value=""/>
    <property name="java.vendor.url" value="https://java.oracle.com/"/>
    <property name="user.timezone" value="Europe/Kiev"/>
    <property name="os.name" value="Windows 10"/>
    <property name="java.vm.specification.version" value="22"/>
    <property name="sun.java.launcher" value="SUN_STANDARD"/>
    <property name="user.country" value="US"/>
    <property name="sun.boot.library.path" value="C:\Program Files\Java\jdk-22\bin"/>
    <property name="sun.java.command" value="C:\Users\glory hole\AppData\Local\Temp\surefire12362905330211206003\surefirebooter-20240531000918961_3.jar C:\Users\glory hole\AppData\Local\Temp\surefire12362905330211206003 2024-05-31T00-09-18_876-jvmRun1 surefire-20240531000918961_1tmp surefire_0-20240531000918961_2tmp"/>
    <property name="jdk.debug" value="release"/>
    <property name="surefire.test.class.path" value="C:\Users\glory hole\Documents\WeatherForecastAppEJB\WeatherForecastClient\target\test-classes;C:\Users\glory hole\Documents\WeatherForecastAppEJB\WeatherForecastClient\target\classes;C:\Users\glory hole\.m2\repository\junit\junit\3.8.1\junit-3.8.1.jar;C:\Users\glory hole\.m2\repository\com\example\PrecipitationSensorEJB\1.0-SNAPSHOT\PrecipitationSensorEJB-1.0-SNAPSHOT.jar;C:\Users\glory hole\.m2\repository\org\wildfly\wildfly-naming-client\2.0.0.Final\wildfly-naming-client-2.0.0.Final.jar;C:\Users\glory hole\.m2\repository\org\jboss\logging\jboss-logging\3.4.3.Final\jboss-logging-3.4.3.Final.jar;C:\Users\glory hole\.m2\repository\org\jboss\marshalling\jboss-marshalling\2.1.1.Final\jboss-marshalling-2.1.1.Final.jar;C:\Users\glory hole\.m2\repository\org\jboss\marshalling\jboss-marshalling-river\2.1.1.Final\jboss-marshalling-river-2.1.1.Final.jar;C:\Users\glory hole\.m2\repository\org\jboss\remoting\jboss-remoting\5.0.25.Final\jboss-remoting-5.0.25.Final.jar;C:\Users\glory hole\.m2\repository\org\wildfly\security\wildfly-elytron\1.11.2.Final\wildfly-elytron-1.11.2.Final.jar;C:\Users\glory hole\.m2\repository\org\wildfly\security\wildfly-elytron-audit\1.11.2.Final\wildfly-elytron-audit-1.11.2.Final.jar;C:\Users\glory hole\.m2\repository\org\wildfly\security\wildfly-elytron-auth-server-deprecated\1.11.2.Final\wildfly-elytron-auth-server-deprecated-1.11.2.Final.jar;C:\Users\glory hole\.m2\repository\org\wildfly\security\wildfly-elytron-auth-server-http\1.11.2.Final\wildfly-elytron-auth-server-http-1.11.2.Final.jar;C:\Users\glory hole\.m2\repository\org\wildfly\security\wildfly-elytron-auth-server-sasl\1.11.2.Final\wildfly-elytron-auth-server-sasl-1.11.2.Final.jar;C:\Users\glory hole\.m2\repository\org\wildfly\security\wildfly-elytron-credential-source-deprecated\1.11.2.Final\wildfly-elytron-credential-source-deprecated-1.11.2.Final.jar;C:\Users\glory hole\.m2\repository\org\wildfly\security\wildfly-elytron-digest\1.11.2.Final\wildfly-elytron-digest-1.11.2.Final.jar;C:\Users\glory hole\.m2\repository\org\wildfly\security\wildfly-elytron-http\1.11.2.Final\wildfly-elytron-http-1.11.2.Final.jar;C:\Users\glory hole\.m2\repository\org\wildfly\security\wildfly-elytron-http-basic\1.11.2.Final\wildfly-elytron-http-basic-1.11.2.Final.jar;C:\Users\glory hole\.m2\repository\org\wildfly\security\wildfly-elytron-http-bearer\1.11.2.Final\wildfly-elytron-http-bearer-1.11.2.Final.jar;C:\Users\glory hole\.m2\repository\org\wildfly\security\wildfly-elytron-http-cert\1.11.2.Final\wildfly-elytron-http-cert-1.11.2.Final.jar;C:\Users\glory hole\.m2\repository\org\wildfly\security\wildfly-elytron-http-deprecated\1.11.2.Final\wildfly-elytron-http-deprecated-1.11.2.Final.jar;C:\Users\glory hole\.m2\repository\org\wildfly\security\wildfly-elytron-http-digest\1.11.2.Final\wildfly-elytron-http-digest-1.11.2.Final.jar;C:\Users\glory hole\.m2\repository\org\wildfly\security\wildfly-elytron-http-form\1.11.2.Final\wildfly-elytron-http-form-1.11.2.Final.jar;C:\Users\glory hole\.m2\repository\org\wildfly\security\wildfly-elytron-http-spnego\1.11.2.Final\wildfly-elytron-http-spnego-1.11.2.Final.jar;C:\Users\glory hole\.m2\repository\org\wildfly\security\wildfly-elytron-http-sso\1.11.2.Final\wildfly-elytron-http-sso-1.11.2.Final.jar;C:\Users\glory hole\.m2\repository\org\wildfly\security\wildfly-elytron-http-util\1.11.2.Final\wildfly-elytron-http-util-1.11.2.Final.jar;C:\Users\glory hole\.m2\repository\org\wildfly\security\wildfly-elytron-jacc\1.11.2.Final\wildfly-elytron-jacc-1.11.2.Final.jar;C:\Users\glory hole\.m2\repository\org\wildfly\security\wildfly-elytron-jaspi\1.11.2.Final\wildfly-elytron-jaspi-1.11.2.Final.jar;C:\Users\glory hole\.m2\repository\org\wildfly\security\wildfly-elytron-json-util\1.11.2.Final\wildfly-elytron-json-util-1.11.2.Final.jar;C:\Users\glory hole\.m2\repository\org\wildfly\security\wildfly-elytron-jwt\1.11.2.Final\wildfly-elytron-jwt-1.11.2.Final.jar;C:\Users\glory hole\.m2\repository\org\wildfly\security\wildfly-elytron-mechanism-digest\1.11.2.Final\wildfly-elytron-mechanism-digest-1.11.2.Final.jar;C:\Users\glory hole\.m2\repository\org\wildfly\security\wildfly-elytron-mechanism-gssapi\1.11.2.Final\wildfly-elytron-mechanism-gssapi-1.11.2.Final.jar;C:\Users\glory hole\.m2\repository\org\wildfly\security\wildfly-elytron-mechanism-http\1.11.2.Final\wildfly-elytron-mechanism-http-1.11.2.Final.jar;C:\Users\glory hole\.m2\repository\org\wildfly\security\wildfly-elytron-mechanism-oauth2\1.11.2.Final\wildfly-elytron-mechanism-oauth2-1.11.2.Final.jar;C:\Users\glory hole\.m2\repository\org\wildfly\security\wildfly-elytron-mechanism-scram\1.11.2.Final\wildfly-elytron-mechanism-scram-1.11.2.Final.jar;C:\Users\glory hole\.m2\repository\org\wildfly\security\wildfly-elytron-realm-jdbc\1.11.2.Final\wildfly-elytron-realm-jdbc-1.11.2.Final.jar;C:\Users\glory hole\.m2\repository\org\wildfly\security\wildfly-elytron-realm-ldap\1.11.2.Final\wildfly-elytron-realm-ldap-1.11.2.Final.jar;C:\Users\glory hole\.m2\repository\org\wildfly\security\wildfly-elytron-realm-token\1.11.2.Final\wildfly-elytron-realm-token-1.11.2.Final.jar;C:\Users\glory hole\.m2\repository\org\wildfly\security\wildfly-elytron-sasl-deprecated\1.11.2.Final\wildfly-elytron-sasl-deprecated-1.11.2.Final.jar;C:\Users\glory hole\.m2\repository\org\wildfly\security\wildfly-elytron-sasl-digest\1.11.2.Final\wildfly-elytron-sasl-digest-1.11.2.Final.jar;C:\Users\glory hole\.m2\repository\org\wildfly\security\wildfly-elytron-sasl-entity\1.11.2.Final\wildfly-elytron-sasl-entity-1.11.2.Final.jar;C:\Users\glory hole\.m2\repository\org\wildfly\security\wildfly-elytron-sasl-external\1.11.2.Final\wildfly-elytron-sasl-external-1.11.2.Final.jar;C:\Users\glory hole\.m2\repository\org\wildfly\security\wildfly-elytron-sasl-gs2\1.11.2.Final\wildfly-elytron-sasl-gs2-1.11.2.Final.jar;C:\Users\glory hole\.m2\repository\org\wildfly\security\wildfly-elytron-sasl-gssapi\1.11.2.Final\wildfly-elytron-sasl-gssapi-1.11.2.Final.jar;C:\Users\glory hole\.m2\repository\org\wildfly\security\wildfly-elytron-sasl-oauth2\1.11.2.Final\wildfly-elytron-sasl-oauth2-1.11.2.Final.jar;C:\Users\glory hole\.m2\repository\org\wildfly\security\wildfly-elytron-sasl-otp\1.11.2.Final\wildfly-elytron-sasl-otp-1.11.2.Final.jar;C:\Users\glory hole\.m2\repository\org\wildfly\security\wildfly-elytron-sasl-plain\1.11.2.Final\wildfly-elytron-sasl-plain-1.11.2.Final.jar;C:\Users\glory hole\.m2\repository\org\wildfly\security\wildfly-elytron-sasl-scram\1.11.2.Final\wildfly-elytron-sasl-scram-1.11.2.Final.jar;C:\Users\glory hole\.m2\repository\org\wildfly\security\wildfly-elytron-ssl\1.11.2.Final\wildfly-elytron-ssl-1.11.2.Final.jar;C:\Users\glory hole\.m2\repository\org\wildfly\security\wildfly-elytron-x500-cert-util\1.11.2.Final\wildfly-elytron-x500-cert-util-1.11.2.Final.jar;C:\Users\glory hole\.m2\repository\org\wildfly\security\wildfly-elytron-x500-deprecated\1.11.2.Final\wildfly-elytron-x500-deprecated-1.11.2.Final.jar;C:\Users\glory hole\.m2\repository\org\wildfly\security\wildfly-elytron-x500-principal\1.11.2.Final\wildfly-elytron-x500-principal-1.11.2.Final.jar;C:\Users\glory hole\.m2\repository\org\jboss\xnio\xnio-api\3.8.8.Final\xnio-api-3.8.8.Final.jar;C:\Users\glory hole\.m2\repository\org\jboss\xnio\xnio-nio\3.8.8.Final\xnio-nio-3.8.8.Final.jar;C:\Users\glory hole\.m2\repository\org\jboss\threads\jboss-threads\2.4.0.Final\jboss-threads-2.4.0.Final.jar;C:\Users\glory hole\.m2\repository\org\wildfly\client\wildfly-client-config\1.0.1.Final\wildfly-client-config-1.0.1.Final.jar;C:\Users\glory hole\.m2\repository\org\wildfly\common\wildfly-common\1.6.0.Final\wildfly-common-1.6.0.Final.jar;C:\Users\glory hole\.m2\repository\org\wildfly\security\wildfly-elytron-auth\2.0.0.Final\wildfly-elytron-auth-2.0.0.Final.jar;C:\Users\glory hole\.m2\repository\org\wildfly\security\wildfly-elytron-auth-server\2.0.0.Final\wildfly-elytron-auth-server-2.0.0.Final.jar;C:\Users\glory hole\.m2\repository\org\wildfly\security\wildfly-elytron-base\2.0.0.Final\wildfly-elytron-base-2.0.0.Final.jar;C:\Users\glory hole\.m2\repository\org\wildfly\security\wildfly-elytron-x500\2.0.0.Final\wildfly-elytron-x500-2.0.0.Final.jar;C:\Users\glory hole\.m2\repository\org\wildfly\security\wildfly-elytron-client\2.0.0.Final\wildfly-elytron-client-2.0.0.Final.jar;C:\Users\glory hole\.m2\repository\org\wildfly\security\wildfly-elytron-auth-util\2.0.0.Final\wildfly-elytron-auth-util-2.0.0.Final.jar;C:\Users\glory hole\.m2\repository\org\apache\sshd\sshd-common\2.7.0\sshd-common-2.7.0.jar;C:\Users\glory hole\.m2\repository\org\slf4j\slf4j-api\1.7.30\slf4j-api-1.7.30.jar;C:\Users\glory hole\.m2\repository\org\slf4j\jcl-over-slf4j\1.7.30\jcl-over-slf4j-1.7.30.jar;C:\Users\glory hole\.m2\repository\org\wildfly\security\wildfly-elytron-credential-source-impl\2.0.0.Final\wildfly-elytron-credential-source-impl-2.0.0.Final.jar;C:\Users\glory hole\.m2\repository\org\wildfly\security\wildfly-elytron-credential-store\2.0.0.Final\wildfly-elytron-credential-store-2.0.0.Final.jar;C:\Users\glory hole\.m2\repository\org\wildfly\security\wildfly-elytron-keystore\2.0.0.Final\wildfly-elytron-keystore-2.0.0.Final.jar;C:\Users\glory hole\.m2\repository\org\wildfly\security\wildfly-elytron-mechanism\2.0.0.Final\wildfly-elytron-mechanism-2.0.0.Final.jar;C:\Users\glory hole\.m2\repository\org\wildfly\security\wildfly-elytron-password-impl\2.0.0.Final\wildfly-elytron-password-impl-2.0.0.Final.jar;C:\Users\glory hole\.m2\repository\org\wildfly\security\wildfly-elytron-provider-util\2.0.0.Final\wildfly-elytron-provider-util-2.0.0.Final.jar;C:\Users\glory hole\.m2\repository\org\wildfly\security\wildfly-elytron-sasl\2.0.0.Final\wildfly-elytron-sasl-2.0.0.Final.jar;C:\Users\glory hole\.m2\repository\org\wildfly\security\wildfly-elytron-x500-cert\2.0.0.Final\wildfly-elytron-x500-cert-2.0.0.Final.jar;C:\Users\glory hole\.m2\repository\org\wildfly\security\wildfly-elytron-credential\2.0.0.Final\wildfly-elytron-credential-2.0.0.Final.jar;C:\Users\glory hole\.m2\repository\org\wildfly\security\wildfly-elytron-asn1\2.0.0.Final\wildfly-elytron-asn1-2.0.0.Final.jar;C:\Users\glory hole\.m2\repository\org\wildfly\security\wildfly-elytron-security-manager-action\2.0.0.Final\wildfly-elytron-security-manager-action-2.0.0.Final.jar;C:\Users\glory hole\.m2\repository\org\wildfly\security\wildfly-elytron-security-manager\2.0.0.Final\wildfly-elytron-security-manager-2.0.0.Final.jar;C:\Users\glory hole\.m2\repository\org\wildfly\security\wildfly-elytron-permission\2.0.0.Final\wildfly-elytron-permission-2.0.0.Final.jar;C:\Users\glory hole\.m2\repository\org\wildfly\security\wildfly-elytron-realm\2.0.0.Final\wildfly-elytron-realm-2.0.0.Final.jar;C:\Users\glory hole\.m2\repository\org\wildfly\security\wildfly-elytron-encryption\2.0.0.Final\wildfly-elytron-encryption-2.0.0.Final.jar;C:\Users\glory hole\.m2\repository\org\wildfly\security\wildfly-elytron-sasl-anonymous\2.0.0.Final\wildfly-elytron-sasl-anonymous-2.0.0.Final.jar;C:\Users\glory hole\.m2\repository\org\wildfly\security\wildfly-elytron-sasl-localuser\2.0.0.Final\wildfly-elytron-sasl-localuser-2.0.0.Final.jar;C:\Users\glory hole\.m2\repository\org\wildfly\security\wildfly-elytron-sasl-auth-util\2.0.0.Final\wildfly-elytron-sasl-auth-util-2.0.0.Final.jar;C:\Users\glory hole\.m2\repository\org\wildfly\security\wildfly-elytron-util\2.0.0.Final\wildfly-elytron-util-2.0.0.Final.jar;C:\Users\glory hole\.m2\repository\org\wildfly\wildfly-security\32.0.0.Final\wildfly-security-32.0.0.Final.jar;C:\Users\glory hole\.m2\repository\org\jboss\jboss-dmr\1.7.0.Final\jboss-dmr-1.7.0.Final.jar;C:\Users\glory hole\.m2\repository\org\jboss\staxmapper\1.5.0.Final\staxmapper-1.5.0.Final.jar;C:\Users\glory hole\.m2\repository\org\jboss\msc\jboss-msc\1.5.4.Final\jboss-msc-1.5.4.Final.jar;C:\Users\glory hole\.m2\repository\org\wildfly\core\wildfly-controller\24.0.0.Final\wildfly-controller-24.0.0.Final.jar;C:\Users\glory hole\.m2\repository\org\wildfly\core\wildfly-controller-client\24.0.0.Final\wildfly-controller-client-24.0.0.Final.jar;C:\Users\glory hole\.m2\repository\org\wildfly\core\wildfly-protocol\24.0.0.Final\wildfly-protocol-24.0.0.Final.jar;C:\Users\glory hole\.m2\repository\org\wildfly\core\wildfly-core-security\24.0.0.Final\wildfly-core-security-24.0.0.Final.jar;C:\Users\glory hole\.m2\repository\org\wildfly\security\wildfly-elytron-x500-cert-acme\2.4.1.Final\wildfly-elytron-x500-cert-acme-2.4.1.Final.jar;C:\Users\glory hole\.m2\repository\org\wildfly\core\wildfly-service\24.0.0.Final\wildfly-service-24.0.0.Final.jar;C:\Users\glory hole\.m2\repository\org\wildfly\core\wildfly-version\24.0.0.Final\wildfly-version-24.0.0.Final.jar;C:\Users\glory hole\.m2\repository\org\jboss\modules\jboss-modules\2.1.5.Final\jboss-modules-2.1.5.Final.jar;C:\Users\glory hole\.m2\repository\org\jboss\logmanager\jboss-logmanager\2.1.19.Final\jboss-logmanager-2.1.19.Final.jar;C:\Users\glory hole\.m2\repository\org\projectodd\vdx\vdx-wildfly\1.1.6\vdx-wildfly-1.1.6.jar;C:\Users\glory hole\.m2\repository\org\projectodd\vdx\vdx-core\1.1.6\vdx-core-1.1.6.jar;C:\Users\glory hole\.m2\repository\org\eclipse\jgit\org.eclipse.jgit\6.8.0.202311291450-r\org.eclipse.jgit-6.8.0.202311291450-r.jar;C:\Users\glory hole\.m2\repository\com\googlecode\javaewah\JavaEWAH\1.2.3\JavaEWAH-1.2.3.jar;C:\Users\glory hole\.m2\repository\org\yaml\snakeyaml\2.2\snakeyaml-2.2.jar;"/>
    <property name="sun.cpu.endian" value="little"/>
    <property name="user.home" value="C:\Users\glory hole"/>
    <property name="user.language" value="en"/>
    <property name="java.specification.vendor" value="Oracle Corporation"/>
    <property name="java.version.date" value="2024-04-16"/>
    <property name="java.home" value="C:\Program Files\Java\jdk-22"/>
    <property name="file.separator" value="\"/>
    <property name="basedir" value="C:\Users\glory hole\Documents\WeatherForecastAppEJB\WeatherForecastClient"/>
    <property name="java.vm.compressedOopsMode" value="Zero based"/>
    <property name="line.separator" value="&#10;"/>
    <property name="java.vm.specification.vendor" value="Oracle Corporation"/>
    <property name="java.specification.name" value="Java Platform API Specification"/>
    <property name="surefire.real.class.path" value="C:\Users\glory hole\AppData\Local\Temp\surefire12362905330211206003\surefirebooter-20240531000918961_3.jar"/>
    <property name="user.script" value=""/>
    <property name="sun.management.compiler" value="HotSpot 64-Bit Tiered Compilers"/>
    <property name="java.runtime.version" value="22.0.1+8-16"/>
    <property name="user.name" value="glory hole"/>
    <property name="stdout.encoding" value="Cp1252"/>
    <property name="path.separator" value=";"/>
    <property name="os.version" value="10.0"/>
    <property name="java.runtime.name" value="Java(TM) SE Runtime Environment"/>
    <property name="file.encoding" value="UTF-8"/>
    <property name="java.vm.name" value="Java HotSpot(TM) 64-Bit Server VM"/>
    <property name="localRepository" value="C:\Users\glory hole\.m2\repository"/>
    <property name="java.vendor.url.bug" value="https://bugreport.java.com/bugreport/"/>
    <property name="java.io.tmpdir" value="C:\Users\GLORYH~1\AppData\Local\Temp\"/>
    <property name="java.version" value="22.0.1"/>
    <property name="user.dir" value="C:\Users\glory hole\Documents\WeatherForecastAppEJB\WeatherForecastClient"/>
    <property name="os.arch" value="amd64"/>
    <property name="java.vm.specification.name" value="Java Virtual Machine Specification"/>
    <property name="sun.os.patch.level" value=""/>
    <property name="native.encoding" value="Cp1252"/>
    <property name="java.library.path" value="C:\Program Files\Java\jdk-22\bin;C:\Windows\Sun\Java\bin;C:\Windows\system32;C:\Windows;C:\Program Files\Common Files\Oracle\Java\javapath;C:\Program Files (x86)\Common Files\Oracle\Java\java8path;C:\Program Files (x86)\Common Files\Oracle\Java\javapath;C:\Windows\system32;C:\Windows;C:\Windows\System32\Wbem;C:\Windows\System32\WindowsPowerShell\v1.0\;C:\Windows\System32\OpenSSH\;C:\Program Files (x86)\NVIDIA Corporation\PhysX\Common;C:\Program Files\dotnet\;C:\Program Files\Java\jdk-22\bin;C:\Program Files\Git\cmd;C:\Program Files\Apache\Maven\bin;C:\Users\glory hole\AppData\Local\Microsoft\WindowsApps;C:\Users\glory hole\AppData\Local\Programs\Microsoft VS Code\bin;C:\Users\glory hole\.dotnet\tools;."/>
    <property name="java.vm.info" value="mixed mode, sharing"/>
    <property name="stderr.encoding" value="Cp1252"/>
    <property name="java.vendor" value="Oracle Corporation"/>
    <property name="java.vm.version" value="22.0.1+8-16"/>
    <property name="sun.io.unicode.encoding" value="UnicodeLittle"/>
    <property name="java.class.version" value="66.0"/>
  </properties>
  <testcase name="testApp" classname="com.example.AppTest" time="0.002"/>
</testsuite>